[debug] [2021-05-30T23:28:49.410Z] ----------------------------------------------------------------------
[debug] [2021-05-30T23:28:49.412Z] Command:       D:\Program Files\Node\node.exe C:\Users\cory3\AppData\Roaming\npm\node_modules\firebase-tools\lib\bin\firebase.js deploy
[debug] [2021-05-30T23:28:49.413Z] CLI Version:   9.12.0
[debug] [2021-05-30T23:28:49.413Z] Platform:      win32
[debug] [2021-05-30T23:28:49.413Z] Node Version:  v11.9.0
[debug] [2021-05-30T23:28:49.414Z] Time:          Sun May 30 2021 19:28:49 GMT-0400 (Eastern Daylight Time)
[debug] [2021-05-30T23:28:49.414Z] ----------------------------------------------------------------------
[debug] 
[debug] [2021-05-30T23:28:49.422Z] > command requires scopes: ["email","openid","https://www.googleapis.com/auth/cloudplatformprojects.readonly","https://www.googleapis.com/auth/firebase","https://www.googleapis.com/auth/cloud-platform"]
[debug] [2021-05-30T23:28:49.422Z] > authorizing via signed-in user (cory3bergquist@gmail.com)
[debug] [2021-05-30T23:28:49.422Z] [iam] checking project corybergquist-f2d2b for permissions ["cloudfunctions.functions.create","cloudfunctions.functions.delete","cloudfunctions.functions.get","cloudfunctions.functions.list","cloudfunctions.functions.update","cloudfunctions.operations.get","firebase.projects.get","firebasehosting.sites.update","firebaserules.releases.create","firebaserules.releases.update","firebaserules.rulesets.create"]
[debug] [2021-05-30T23:28:49.424Z] >>> HTTP REQUEST POST https://cloudresourcemanager.googleapis.com/v1/projects/corybergquist-f2d2b:testIamPermissions  
 {"permissions":["cloudfunctions.functions.create","cloudfunctions.functions.delete","cloudfunctions.functions.get","cloudfunctions.functions.list","cloudfunctions.functions.update","cloudfunctions.operations.get","firebase.projects.get","firebasehosting.sites.update","firebaserules.releases.create","firebaserules.releases.update","firebaserules.rulesets.create"]}
[debug] [2021-05-30T23:28:49.650Z] <<< HTTP RESPONSE 200 {"content-type":"application/json; charset=UTF-8","vary":"X-Origin, Referer, Origin,Accept-Encoding","date":"Sun, 30 May 2021 23:28:49 GMT","server":"ESF","cache-control":"private","x-xss-protection":"0","x-frame-options":"SAMEORIGIN","x-content-type-options":"nosniff","server-timing":"gfet4t7; dur=132","alt-svc":"h3-29=\":443\"; ma=2592000,h3-T051=\":443\"; ma=2592000,h3-Q050=\":443\"; ma=2592000,h3-Q046=\":443\"; ma=2592000,h3-Q043=\":443\"; ma=2592000,quic=\":443\"; ma=2592000; v=\"46,43\"","accept-ranges":"none","transfer-encoding":"chunked"}
[debug] [2021-05-30T23:28:49.652Z] >>> HTTP REQUEST POST https://iam.googleapis.com/v1/projects/corybergquist-f2d2b/serviceAccounts/corybergquist-f2d2b@appspot.gserviceaccount.com:testIamPermissions  
 {"permissions":["iam.serviceAccounts.actAs"]}
[debug] [2021-05-30T23:28:49.796Z] <<< HTTP RESPONSE 200 {"content-type":"application/json; charset=UTF-8","vary":"X-Origin, Referer, Origin,Accept-Encoding","date":"Sun, 30 May 2021 23:28:49 GMT","server":"ESF","cache-control":"private","x-xss-protection":"0","x-frame-options":"SAMEORIGIN","x-content-type-options":"nosniff","alt-svc":"h3-29=\":443\"; ma=2592000,h3-T051=\":443\"; ma=2592000,h3-Q050=\":443\"; ma=2592000,h3-Q046=\":443\"; ma=2592000,h3-Q043=\":443\"; ma=2592000,quic=\":443\"; ma=2592000; v=\"46,43\"","accept-ranges":"none","transfer-encoding":"chunked"}
[debug] [2021-05-30T23:28:49.798Z] > refreshing access token with scopes: []
[debug] [2021-05-30T23:28:49.799Z] >>> HTTP REQUEST POST https://www.googleapis.com/oauth2/v3/token  
 <request body omitted>
[debug] [2021-05-30T23:28:49.898Z] <<< HTTP RESPONSE 200 {"pragma":"no-cache","date":"Sun, 30 May 2021 23:28:49 GMT","expires":"Mon, 01 Jan 1990 00:00:00 GMT","cache-control":"no-cache, no-store, max-age=0, must-revalidate","content-type":"application/json; charset=utf-8","vary":"X-Origin, Referer, Origin,Accept-Encoding","server":"scaffolding on HTTPServer2","x-xss-protection":"0","x-frame-options":"SAMEORIGIN","x-content-type-options":"nosniff","alt-svc":"h3-29=\":443\"; ma=2592000,h3-T051=\":443\"; ma=2592000,h3-Q050=\":443\"; ma=2592000,h3-Q046=\":443\"; ma=2592000,h3-Q043=\":443\"; ma=2592000,quic=\":443\"; ma=2592000; v=\"46,43\"","accept-ranges":"none","transfer-encoding":"chunked"}
[debug] [2021-05-30T23:28:49.910Z] >>> [apiv2][query] GET https://firebase.googleapis.com/v1beta1/projects/corybergquist-f2d2b [none]
[debug] [2021-05-30T23:28:50.152Z] <<< [apiv2][status] GET https://firebase.googleapis.com/v1beta1/projects/corybergquist-f2d2b 200
[debug] [2021-05-30T23:28:50.152Z] <<< [apiv2][body] GET https://firebase.googleapis.com/v1beta1/projects/corybergquist-f2d2b {"projectId":"corybergquist-f2d2b","projectNumber":"421751727302","displayName":"CoryBergquist","name":"projects/corybergquist-f2d2b","resources":{"hostingSite":"corybergquist-f2d2b","storageBucket":"corybergquist-f2d2b.appspot.com","locationId":"us-east1"},"state":"ACTIVE"}
[info] 
[info] === Deploying to 'corybergquist-f2d2b'...
[info] 
[info] i  deploying storage, functions, hosting 
[info] Running command: npm --prefix "$RESOURCE_DIR" run lint
[info] +  functions: Finished running predeploy script. 
[debug] [2021-05-30T23:28:53.537Z] > refreshing access token with scopes: ["email","https://www.googleapis.com/auth/cloud-platform","https://www.googleapis.com/auth/cloudplatformprojects.readonly","https://www.googleapis.com/auth/firebase","openid"]
[debug] [2021-05-30T23:28:53.537Z] >>> HTTP REQUEST POST https://www.googleapis.com/oauth2/v3/token  
 <request body omitted>
[debug] [2021-05-30T23:28:53.623Z] <<< HTTP RESPONSE 200 {"cache-control":"no-cache, no-store, max-age=0, must-revalidate","date":"Sun, 30 May 2021 23:28:53 GMT","pragma":"no-cache","expires":"Mon, 01 Jan 1990 00:00:00 GMT","content-type":"application/json; charset=utf-8","vary":"X-Origin, Referer, Origin,Accept-Encoding","server":"scaffolding on HTTPServer2","x-xss-protection":"0","x-frame-options":"SAMEORIGIN","x-content-type-options":"nosniff","alt-svc":"h3-29=\":443\"; ma=2592000,h3-T051=\":443\"; ma=2592000,h3-Q050=\":443\"; ma=2592000,h3-Q046=\":443\"; ma=2592000,h3-Q043=\":443\"; ma=2592000,quic=\":443\"; ma=2592000; v=\"46,43\"","accept-ranges":"none","transfer-encoding":"chunked"}
[debug] [2021-05-30T23:28:53.629Z] >>> HTTP REQUEST GET https://appengine.googleapis.com/v1/apps/corybergquist-f2d2b  
 
[debug] [2021-05-30T23:28:53.873Z] <<< HTTP RESPONSE 200 {"content-type":"application/json; charset=UTF-8","vary":"X-Origin, Referer, Origin,Accept-Encoding","date":"Sun, 30 May 2021 23:28:53 GMT","server":"ESF","cache-control":"private","x-xss-protection":"0","x-frame-options":"SAMEORIGIN","x-content-type-options":"nosniff","alt-svc":"h3-29=\":443\"; ma=2592000,h3-T051=\":443\"; ma=2592000,h3-Q050=\":443\"; ma=2592000,h3-Q046=\":443\"; ma=2592000,h3-Q043=\":443\"; ma=2592000,quic=\":443\"; ma=2592000; v=\"46,43\"","accept-ranges":"none","transfer-encoding":"chunked"}
[info] i  firebase.storage: checking storage.rules for compilation errors... 
[debug] [2021-05-30T23:28:53.877Z] >>> HTTP REQUEST POST https://firebaserules.googleapis.com/v1/projects/corybergquist-f2d2b:test  
 {"source":{"files":[{"name":"storage.rules","content":"rules_version = '2';\nservice firebase.storage {\n  match /b/{bucket}/o {\n    match /{allPaths=**} {\n      allow read, write: if request.auth!=null;\n    }\n  }\n}\n"}]}}
[debug] [2021-05-30T23:28:54.093Z] <<< HTTP RESPONSE 200 {"content-type":"application/json; charset=UTF-8","vary":"X-Origin, Referer, Origin,Accept-Encoding","date":"Sun, 30 May 2021 23:28:54 GMT","server":"ESF","cache-control":"private","x-xss-protection":"0","x-frame-options":"SAMEORIGIN","x-content-type-options":"nosniff","alt-svc":"h3-29=\":443\"; ma=2592000,h3-T051=\":443\"; ma=2592000,h3-Q050=\":443\"; ma=2592000,h3-Q046=\":443\"; ma=2592000,h3-Q043=\":443\"; ma=2592000,quic=\":443\"; ma=2592000; v=\"46,43\"","accept-ranges":"none","transfer-encoding":"chunked"}
[info] +  firebase.storage: rules file storage.rules compiled successfully 
[info] i  functions: ensuring required API cloudfunctions.googleapis.com is enabled... 
[info] i  functions: ensuring required API cloudbuild.googleapis.com is enabled... 
[debug] [2021-05-30T23:28:55.431Z] >>> HTTP REQUEST GET https://serviceusage.googleapis.com/v1/projects/corybergquist-f2d2b/services/cloudfunctions.googleapis.com  
 
[debug] [2021-05-30T23:28:55.431Z] >>> HTTP REQUEST GET https://serviceusage.googleapis.com/v1/projects/corybergquist-f2d2b/services/runtimeconfig.googleapis.com  
 
[debug] [2021-05-30T23:28:55.431Z] >>> HTTP REQUEST GET https://serviceusage.googleapis.com/v1/projects/corybergquist-f2d2b/services/cloudbuild.googleapis.com  
 
[debug] [2021-05-30T23:28:55.835Z] <<< HTTP RESPONSE 200 {"content-type":"application/json; charset=UTF-8","vary":"X-Origin, Referer, Origin,Accept-Encoding","date":"Sun, 30 May 2021 23:28:55 GMT","server":"ESF","cache-control":"private","x-xss-protection":"0","x-frame-options":"SAMEORIGIN","x-content-type-options":"nosniff","alt-svc":"h3-29=\":443\"; ma=2592000,h3-T051=\":443\"; ma=2592000,h3-Q050=\":443\"; ma=2592000,h3-Q046=\":443\"; ma=2592000,h3-Q043=\":443\"; ma=2592000,quic=\":443\"; ma=2592000; v=\"46,43\"","accept-ranges":"none","transfer-encoding":"chunked"}
[debug] [2021-05-30T23:28:55.847Z] <<< HTTP RESPONSE 200 {"content-type":"application/json; charset=UTF-8","vary":"X-Origin, Referer, Origin,Accept-Encoding","date":"Sun, 30 May 2021 23:28:55 GMT","server":"ESF","cache-control":"private","x-xss-protection":"0","x-frame-options":"SAMEORIGIN","x-content-type-options":"nosniff","alt-svc":"h3-29=\":443\"; ma=2592000,h3-T051=\":443\"; ma=2592000,h3-Q050=\":443\"; ma=2592000,h3-Q046=\":443\"; ma=2592000,h3-Q043=\":443\"; ma=2592000,quic=\":443\"; ma=2592000; v=\"46,43\"","accept-ranges":"none","transfer-encoding":"chunked"}
[warn] !  functions: missing required API cloudbuild.googleapis.com. Enabling now... 
[debug] [2021-05-30T23:28:55.850Z] >>> HTTP REQUEST POST https://serviceusage.googleapis.com/v1/projects/corybergquist-f2d2b/services/cloudbuild.googleapis.com:enable  
 
[debug] [2021-05-30T23:28:55.857Z] <<< HTTP RESPONSE 200 {"content-type":"application/json; charset=UTF-8","vary":"X-Origin, Referer, Origin,Accept-Encoding","date":"Sun, 30 May 2021 23:28:55 GMT","server":"ESF","cache-control":"private","x-xss-protection":"0","x-frame-options":"SAMEORIGIN","x-content-type-options":"nosniff","alt-svc":"h3-29=\":443\"; ma=2592000,h3-T051=\":443\"; ma=2592000,h3-Q050=\":443\"; ma=2592000,h3-Q046=\":443\"; ma=2592000,h3-Q043=\":443\"; ma=2592000,quic=\":443\"; ma=2592000; v=\"46,43\"","accept-ranges":"none","transfer-encoding":"chunked"}
[info] +  functions: required API cloudfunctions.googleapis.com is enabled 
[debug] [2021-05-30T23:28:56.879Z] <<< HTTP RESPONSE 200 {"content-type":"application/json; charset=UTF-8","vary":"X-Origin, Referer, Origin,Accept-Encoding","date":"Sun, 30 May 2021 23:28:56 GMT","server":"ESF","cache-control":"private","x-xss-protection":"0","x-frame-options":"SAMEORIGIN","x-content-type-options":"nosniff","alt-svc":"h3-29=\":443\"; ma=2592000,h3-T051=\":443\"; ma=2592000,h3-Q050=\":443\"; ma=2592000,h3-Q046=\":443\"; ma=2592000,h3-Q043=\":443\"; ma=2592000,quic=\":443\"; ma=2592000; v=\"46,43\"","accept-ranges":"none","transfer-encoding":"chunked"}
[debug] [2021-05-30T23:29:06.891Z] >>> HTTP REQUEST GET https://serviceusage.googleapis.com/v1/projects/corybergquist-f2d2b/services/cloudbuild.googleapis.com  
 
[debug] [2021-05-30T23:29:07.305Z] <<< HTTP RESPONSE 200 {"content-type":"application/json; charset=UTF-8","vary":"X-Origin, Referer, Origin,Accept-Encoding","date":"Sun, 30 May 2021 23:29:07 GMT","server":"ESF","cache-control":"private","x-xss-protection":"0","x-frame-options":"SAMEORIGIN","x-content-type-options":"nosniff","alt-svc":"h3-29=\":443\"; ma=2592000,h3-T051=\":443\"; ma=2592000,h3-Q050=\":443\"; ma=2592000,h3-Q046=\":443\"; ma=2592000,h3-Q043=\":443\"; ma=2592000,quic=\":443\"; ma=2592000; v=\"46,43\"","accept-ranges":"none","transfer-encoding":"chunked"}
[info] +  functions: required API cloudbuild.googleapis.com is enabled 
[debug] [2021-05-30T23:29:07.310Z] >>> HTTP REQUEST GET https://firebase.googleapis.com/v1beta1/projects/corybergquist-f2d2b/adminSdkConfig  
 
[debug] [2021-05-30T23:29:07.515Z] <<< HTTP RESPONSE 200 {"content-type":"application/json; charset=UTF-8","vary":"X-Origin, Referer, Origin,Accept-Encoding","date":"Sun, 30 May 2021 23:29:07 GMT","server":"ESF","cache-control":"private","x-xss-protection":"0","x-frame-options":"SAMEORIGIN","x-content-type-options":"nosniff","alt-svc":"h3-29=\":443\"; ma=2592000,h3-T051=\":443\"; ma=2592000,h3-Q050=\":443\"; ma=2592000,h3-Q046=\":443\"; ma=2592000,h3-Q043=\":443\"; ma=2592000,quic=\":443\"; ma=2592000; v=\"46,43\"","accept-ranges":"none","transfer-encoding":"chunked"}
[info] i  functions: preparing functions directory for uploading... 
[debug] [2021-05-30T23:29:07.522Z] >>> HTTP REQUEST GET https://runtimeconfig.googleapis.com/v1beta1/projects/corybergquist-f2d2b/configs  
 
[debug] [2021-05-30T23:29:07.872Z] <<< HTTP RESPONSE 200 {"content-type":"application/json; charset=UTF-8","vary":"X-Origin, Referer, Origin,Accept-Encoding","date":"Sun, 30 May 2021 23:29:07 GMT","server":"ESF","cache-control":"private","x-xss-protection":"0","x-frame-options":"SAMEORIGIN","x-content-type-options":"nosniff","alt-svc":"h3-29=\":443\"; ma=2592000,h3-T051=\":443\"; ma=2592000,h3-Q050=\":443\"; ma=2592000,h3-Q046=\":443\"; ma=2592000,h3-Q043=\":443\"; ma=2592000,quic=\":443\"; ma=2592000; v=\"46,43\"","accept-ranges":"none","transfer-encoding":"chunked"}
[debug] [2021-05-30T23:29:07.874Z] Analyizing backend with strategy parseJSExports
[debug] [2021-05-30T23:29:07.964Z] > [functions] package.json contents: {
  "name": "functions",
  "description": "Cloud Functions for Firebase",
  "scripts": {
    "lint": "eslint .",
    "serve": "firebase emulators:start --only functions",
    "shell": "firebase functions:shell",
    "start": "npm run shell",
    "deploy": "firebase deploy --only functions",
    "logs": "firebase functions:log"
  },
  "engines": {
    "node": "14"
  },
  "main": "index.js",
  "dependencies": {
    "firebase-admin": "^9.8.0",
    "firebase-functions": "^3.14.1"
  },
  "devDependencies": {
    "eslint": "^7.6.0",
    "eslint-config-google": "^0.14.0",
    "firebase-functions-test": "^0.2.0"
  },
  "private": true
}
[debug] [2021-05-30T23:29:07.965Z] >>> HTTP REQUEST GET https://cloudfunctions.googleapis.com/v1/projects/corybergquist-f2d2b/locations/-/functions  
 
[debug] [2021-05-30T23:29:08.452Z] <<< HTTP RESPONSE 200 {"content-type":"application/json; charset=UTF-8","vary":"X-Origin, Referer, Origin,Accept-Encoding","date":"Sun, 30 May 2021 23:29:08 GMT","server":"ESF","cache-control":"private","x-xss-protection":"0","x-frame-options":"SAMEORIGIN","x-content-type-options":"nosniff","alt-svc":"h3-29=\":443\"; ma=2592000,h3-T051=\":443\"; ma=2592000,h3-Q050=\":443\"; ma=2592000,h3-Q046=\":443\"; ma=2592000,h3-Q043=\":443\"; ma=2592000,quic=\":443\"; ma=2592000; v=\"46,43\"","accept-ranges":"none","transfer-encoding":"chunked"}
[debug] [2021-05-30T23:29:08.459Z] >>> HTTP REQUEST POST https://firebasehosting.googleapis.com/v1beta1/sites/corybergquist-f2d2b/versions  
 {"config":{},"labels":{"deployment-tool":"cli-firebase"}}
[debug] [2021-05-30T23:29:09.539Z] <<< HTTP RESPONSE 200 {"content-type":"application/json; charset=UTF-8","vary":"X-Origin, Referer, Origin,Accept-Encoding","date":"Sun, 30 May 2021 23:29:09 GMT","server":"ESF","cache-control":"private","x-xss-protection":"0","x-frame-options":"SAMEORIGIN","x-content-type-options":"nosniff","alt-svc":"h3-29=\":443\"; ma=2592000,h3-T051=\":443\"; ma=2592000,h3-Q050=\":443\"; ma=2592000,h3-Q046=\":443\"; ma=2592000,h3-Q043=\":443\"; ma=2592000,quic=\":443\"; ma=2592000; v=\"46,43\"","accept-ranges":"none","transfer-encoding":"chunked"}
[debug] [2021-05-30T23:29:09.541Z] >>> HTTP REQUEST GET https://firebaserules.googleapis.com/v1/projects/corybergquist-f2d2b/releases?pageSize=10&pageToken=  
 
[debug] [2021-05-30T23:29:09.761Z] <<< HTTP RESPONSE 200 {"content-type":"application/json; charset=UTF-8","vary":"X-Origin, Referer, Origin,Accept-Encoding","date":"Sun, 30 May 2021 23:29:09 GMT","server":"ESF","cache-control":"private","x-xss-protection":"0","x-frame-options":"SAMEORIGIN","x-content-type-options":"nosniff","alt-svc":"h3-29=\":443\"; ma=2592000,h3-T051=\":443\"; ma=2592000,h3-Q050=\":443\"; ma=2592000,h3-Q046=\":443\"; ma=2592000,h3-Q043=\":443\"; ma=2592000,quic=\":443\"; ma=2592000; v=\"46,43\"","accept-ranges":"none","transfer-encoding":"chunked"}
[debug] [2021-05-30T23:29:09.763Z] >>> HTTP REQUEST GET https://firebaserules.googleapis.com/v1/projects/corybergquist-f2d2b/rulesets/8114da9f-068c-42fe-b0ca-5b9405c03a66  
 
[debug] [2021-05-30T23:29:09.972Z] <<< HTTP RESPONSE 200 {"content-type":"application/json; charset=UTF-8","vary":"X-Origin, Referer, Origin,Accept-Encoding","date":"Sun, 30 May 2021 23:29:09 GMT","server":"ESF","cache-control":"private","x-xss-protection":"0","x-frame-options":"SAMEORIGIN","x-content-type-options":"nosniff","alt-svc":"h3-29=\":443\"; ma=2592000,h3-T051=\":443\"; ma=2592000,h3-Q050=\":443\"; ma=2592000,h3-Q046=\":443\"; ma=2592000,h3-Q043=\":443\"; ma=2592000,quic=\":443\"; ma=2592000; v=\"46,43\"","accept-ranges":"none","transfer-encoding":"chunked"}
[info] i  storage: uploading rules storage.rules... 
[debug] [2021-05-30T23:29:09.976Z] >>> HTTP REQUEST POST https://firebaserules.googleapis.com/v1/projects/corybergquist-f2d2b/rulesets  
 {"source":{"files":[{"name":"storage.rules","content":"rules_version = '2';\nservice firebase.storage {\n  match /b/{bucket}/o {\n    match /{allPaths=**} {\n      allow read, write: if request.auth!=null;\n    }\n  }\n}\n"}]}}
[debug] [2021-05-30T23:29:10.272Z] <<< HTTP RESPONSE 200 {"content-type":"application/json; charset=UTF-8","vary":"X-Origin, Referer, Origin,Accept-Encoding","date":"Sun, 30 May 2021 23:29:10 GMT","server":"ESF","cache-control":"private","x-xss-protection":"0","x-frame-options":"SAMEORIGIN","x-content-type-options":"nosniff","alt-svc":"h3-29=\":443\"; ma=2592000,h3-T051=\":443\"; ma=2592000,h3-Q050=\":443\"; ma=2592000,h3-Q046=\":443\"; ma=2592000,h3-Q043=\":443\"; ma=2592000,quic=\":443\"; ma=2592000; v=\"46,43\"","accept-ranges":"none","transfer-encoding":"chunked"}
[debug] [2021-05-30T23:29:10.272Z] [rules] created ruleset projects/corybergquist-f2d2b/rulesets/2edacea7-4c63-4242-8fcd-6ea5ac4676c6
[info] i  hosting[corybergquist-f2d2b]: beginning deploy... 
[info] i  hosting[corybergquist-f2d2b]: found 2 files in public 
[debug] [2021-05-30T23:29:10.280Z] [hosting] hash cache [cHVibGlj] not populated
[debug] [2021-05-30T23:29:10.284Z] > refreshing access token with scopes: []
[debug] [2021-05-30T23:29:10.285Z] >>> HTTP REQUEST POST https://www.googleapis.com/oauth2/v3/token  
 <request body omitted>
[debug] [2021-05-30T23:29:10.286Z] [hosting] hash cache [cHVibGlj] stored for 2 files
[debug] [2021-05-30T23:29:10.286Z] [hosting][hash queue][FINAL] {"max":3,"min":2,"avg":2.5,"active":0,"complete":2,"success":2,"errored":0,"retried":0,"total":2,"elapsed":5}
[debug] [2021-05-30T23:29:10.369Z] <<< HTTP RESPONSE 200 {"expires":"Mon, 01 Jan 1990 00:00:00 GMT","date":"Sun, 30 May 2021 23:29:10 GMT","pragma":"no-cache","cache-control":"no-cache, no-store, max-age=0, must-revalidate","content-type":"application/json; charset=utf-8","vary":"X-Origin, Referer, Origin,Accept-Encoding","server":"scaffolding on HTTPServer2","x-xss-protection":"0","x-frame-options":"SAMEORIGIN","x-content-type-options":"nosniff","alt-svc":"h3-29=\":443\"; ma=2592000,h3-T051=\":443\"; ma=2592000,h3-Q050=\":443\"; ma=2592000,h3-Q046=\":443\"; ma=2592000,h3-Q043=\":443\"; ma=2592000,quic=\":443\"; ma=2592000; v=\"46,43\"","accept-ranges":"none","transfer-encoding":"chunked"}
[debug] [2021-05-30T23:29:10.377Z] >>> [apiv2][query] POST https://firebasehosting.googleapis.com/v1beta1/sites/corybergquist-f2d2b/versions/2e8275878a9a06f1:populateFiles [none]
[debug] [2021-05-30T23:29:10.377Z] >>> [apiv2][body] POST https://firebasehosting.googleapis.com/v1beta1/sites/corybergquist-f2d2b/versions/2e8275878a9a06f1:populateFiles {"files":{"/404.html":"daa499dd96d8229e73235345702ba32f0793f0c8e5c0d30e40e37a5872be57aa","/index.html":"68cb95d4d1804e86e47580e9f3d1a110da13c0260510b34ba78eba9a2f0dbd35"}}
[debug] [2021-05-30T23:29:10.784Z] <<< [apiv2][status] POST https://firebasehosting.googleapis.com/v1beta1/sites/corybergquist-f2d2b/versions/2e8275878a9a06f1:populateFiles 200
[debug] [2021-05-30T23:29:10.784Z] <<< [apiv2][body] POST https://firebasehosting.googleapis.com/v1beta1/sites/corybergquist-f2d2b/versions/2e8275878a9a06f1:populateFiles {"uploadRequiredHashes":["daa499dd96d8229e73235345702ba32f0793f0c8e5c0d30e40e37a5872be57aa","68cb95d4d1804e86e47580e9f3d1a110da13c0260510b34ba78eba9a2f0dbd35"],"uploadUrl":"https://upload-firebasehosting.googleapis.com/upload/sites/corybergquist-f2d2b/versions/2e8275878a9a06f1/files"}
[debug] [2021-05-30T23:29:10.785Z] >>> [apiv2][query] POST https://upload-firebasehosting.googleapis.com/upload/sites/corybergquist-f2d2b/versions/2e8275878a9a06f1/files/daa499dd96d8229e73235345702ba32f0793f0c8e5c0d30e40e37a5872be57aa [none]
[debug] [2021-05-30T23:29:10.785Z] >>> [apiv2][body] POST https://upload-firebasehosting.googleapis.com/upload/sites/corybergquist-f2d2b/versions/2e8275878a9a06f1/files/daa499dd96d8229e73235345702ba32f0793f0c8e5c0d30e40e37a5872be57aa [stream]
[debug] [2021-05-30T23:29:10.786Z] >>> [apiv2][query] POST https://upload-firebasehosting.googleapis.com/upload/sites/corybergquist-f2d2b/versions/2e8275878a9a06f1/files/68cb95d4d1804e86e47580e9f3d1a110da13c0260510b34ba78eba9a2f0dbd35 [none]
[debug] [2021-05-30T23:29:10.786Z] >>> [apiv2][body] POST https://upload-firebasehosting.googleapis.com/upload/sites/corybergquist-f2d2b/versions/2e8275878a9a06f1/files/68cb95d4d1804e86e47580e9f3d1a110da13c0260510b34ba78eba9a2f0dbd35 [stream]
[debug] [2021-05-30T23:29:10.786Z] [hosting][populate queue][FINAL] {"max":501,"min":501,"avg":501,"active":0,"complete":1,"success":1,"errored":0,"retried":0,"total":1,"elapsed":502}
[debug] [2021-05-30T23:29:10.787Z] [hosting] uploads queued: 2
[debug] [2021-05-30T23:29:11.553Z] <<< [apiv2][status] POST https://upload-firebasehosting.googleapis.com/upload/sites/corybergquist-f2d2b/versions/2e8275878a9a06f1/files/daa499dd96d8229e73235345702ba32f0793f0c8e5c0d30e40e37a5872be57aa 200
[debug] [2021-05-30T23:29:11.553Z] <<< [apiv2][body] POST https://upload-firebasehosting.googleapis.com/upload/sites/corybergquist-f2d2b/versions/2e8275878a9a06f1/files/daa499dd96d8229e73235345702ba32f0793f0c8e5c0d30e40e37a5872be57aa [stream]
[debug] [2021-05-30T23:29:11.607Z] <<< [apiv2][status] POST https://upload-firebasehosting.googleapis.com/upload/sites/corybergquist-f2d2b/versions/2e8275878a9a06f1/files/68cb95d4d1804e86e47580e9f3d1a110da13c0260510b34ba78eba9a2f0dbd35 200
[debug] [2021-05-30T23:29:11.608Z] <<< [apiv2][body] POST https://upload-firebasehosting.googleapis.com/upload/sites/corybergquist-f2d2b/versions/2e8275878a9a06f1/files/68cb95d4d1804e86e47580e9f3d1a110da13c0260510b34ba78eba9a2f0dbd35 [stream]
[debug] [2021-05-30T23:29:11.608Z] [hosting][upload queue][FINAL] {"max":823,"min":770,"avg":796.5,"active":0,"complete":2,"success":2,"errored":0,"retried":0,"total":2,"elapsed":824}
[info] +  hosting[corybergquist-f2d2b]: file upload complete 
[debug] [2021-05-30T23:29:11.612Z] [hosting] deploy completed after 1338ms
[debug] [2021-05-30T23:29:11.616Z] [rules] releasing firebase.storage/corybergquist-f2d2b.appspot.com with ruleset projects/corybergquist-f2d2b/rulesets/2edacea7-4c63-4242-8fcd-6ea5ac4676c6
[debug] [2021-05-30T23:29:11.617Z] > refreshing access token with scopes: ["email","https://www.googleapis.com/auth/cloud-platform","https://www.googleapis.com/auth/cloudplatformprojects.readonly","https://www.googleapis.com/auth/firebase","openid"]
[debug] [2021-05-30T23:29:11.617Z] >>> HTTP REQUEST POST https://www.googleapis.com/oauth2/v3/token  
 <request body omitted>
[debug] [2021-05-30T23:29:11.701Z] <<< HTTP RESPONSE 200 {"expires":"Mon, 01 Jan 1990 00:00:00 GMT","date":"Sun, 30 May 2021 23:29:11 GMT","pragma":"no-cache","cache-control":"no-cache, no-store, max-age=0, must-revalidate","content-type":"application/json; charset=utf-8","vary":"X-Origin, Referer, Origin,Accept-Encoding","server":"scaffolding on HTTPServer2","x-xss-protection":"0","x-frame-options":"SAMEORIGIN","x-content-type-options":"nosniff","alt-svc":"h3-29=\":443\"; ma=2592000,h3-T051=\":443\"; ma=2592000,h3-Q050=\":443\"; ma=2592000,h3-Q046=\":443\"; ma=2592000,h3-Q043=\":443\"; ma=2592000,quic=\":443\"; ma=2592000; v=\"46,43\"","accept-ranges":"none","transfer-encoding":"chunked"}
[debug] [2021-05-30T23:29:11.708Z] >>> HTTP REQUEST PATCH https://firebaserules.googleapis.com/v1/projects/corybergquist-f2d2b/releases/firebase.storage/corybergquist-f2d2b.appspot.com  
 {"release":{"name":"projects/corybergquist-f2d2b/releases/firebase.storage/corybergquist-f2d2b.appspot.com","rulesetName":"projects/corybergquist-f2d2b/rulesets/2edacea7-4c63-4242-8fcd-6ea5ac4676c6"}}
[debug] [2021-05-30T23:29:12.044Z] <<< HTTP RESPONSE 200 {"content-type":"application/json; charset=UTF-8","vary":"X-Origin, Referer, Origin,Accept-Encoding","date":"Sun, 30 May 2021 23:29:12 GMT","server":"ESF","cache-control":"private","x-xss-protection":"0","x-frame-options":"SAMEORIGIN","x-content-type-options":"nosniff","alt-svc":"h3-29=\":443\"; ma=2592000,h3-T051=\":443\"; ma=2592000,h3-Q050=\":443\"; ma=2592000,h3-Q046=\":443\"; ma=2592000,h3-Q043=\":443\"; ma=2592000,quic=\":443\"; ma=2592000; v=\"46,43\"","accept-ranges":"none","transfer-encoding":"chunked"}
[debug] [2021-05-30T23:29:12.045Z] [rules] updated release projects/corybergquist-f2d2b/releases/firebase.storage/corybergquist-f2d2b.appspot.com
[info] +  storage: released rules storage.rules to firebase.storage 
[debug] [2021-05-30T23:29:12.124Z] TypeError: Reduce of empty array with no initial value
    at Array.reduce (<anonymous>)
    at release (C:\Users\cory3\AppData\Roaming\npm\node_modules\firebase-tools\lib\deploy\functions\release.js:47:10)
    at processTicksAndRejections (internal/process/next_tick.js:81:5)
[error] 
[error] Error: An unexpected error has occurred.
